[INFO] Scanning for projects...
[INFO] 
[INFO] ----------------------< springboot.example:demo >-----------------------
[INFO] Building demo 0.0.1-SNAPSHOT
[INFO]   from pom.xml
[INFO] --------------------------------[ jar ]---------------------------------
[INFO] 
[INFO] >>> spring-boot:3.4.5:run (default-cli) > test-compile @ demo >>>
[INFO] 
[INFO] --- resources:3.3.1:resources (default-resources) @ demo ---
[INFO] Copying 3 resources from src/main/resources to target/classes
[INFO] Copying 3 resources from src/main/resources to target/classes
[INFO] 
[INFO] --- compiler:3.13.0:compile (default-compile) @ demo ---
[INFO] Nothing to compile - all classes are up to date.
[INFO] 
[INFO] --- resources:3.3.1:testResources (default-testResources) @ demo ---
[INFO] skip non existing resourceDirectory /home/pak3430/Workspace/my-personal-bob-mating/backend/src/test/resources
[INFO] 
[INFO] --- compiler:3.13.0:testCompile (default-testCompile) @ demo ---
[INFO] Nothing to compile - all classes are up to date.
[INFO] 
[INFO] <<< spring-boot:3.4.5:run (default-cli) < test-compile @ demo <<<
[INFO] 
[INFO] 
[INFO] --- spring-boot:3.4.5:run (default-cli) @ demo ---
[INFO] Attaching agents: []

  .   ____          _            __ _ _
 /\\ / ___'_ __ _ _(_)_ __  __ _ \ \ \ \
( ( )\___ | '_ | '_| | '_ \/ _` | \ \ \ \
 \\/  ___)| |_)| | | | | || (_| |  ) ) ) )
  '  |____| .__|_| |_|_| |_\__, | / / / /
 =========|_|==============|___/=/_/_/_/

 :: Spring Boot ::                (v3.4.5)

2025-06-10T17:00:34.905+09:00  INFO 77781 --- [demo] [           main] com.example.demo.DemoApplication         : Starting DemoApplication using Java 17.0.15 with PID 77781 (/home/pak3430/Workspace/my-personal-bob-mating/backend/target/classes started by pak3430 in /home/pak3430/Workspace/my-personal-bob-mating/backend)
2025-06-10T17:00:34.906+09:00  INFO 77781 --- [demo] [           main] com.example.demo.DemoApplication         : No active profile set, falling back to 1 default profile: "default"
2025-06-10T17:00:35.767+09:00  INFO 77781 --- [demo] [           main] .s.d.r.c.RepositoryConfigurationDelegate : Multiple Spring Data modules found, entering strict repository configuration mode
2025-06-10T17:00:35.769+09:00  INFO 77781 --- [demo] [           main] .s.d.r.c.RepositoryConfigurationDelegate : Bootstrapping Spring Data JPA repositories in DEFAULT mode.
2025-06-10T17:00:35.879+09:00  INFO 77781 --- [demo] [           main] .s.d.r.c.RepositoryConfigurationDelegate : Finished Spring Data repository scanning in 102 ms. Found 1 JPA repository interface.
2025-06-10T17:00:35.892+09:00  INFO 77781 --- [demo] [           main] .s.d.r.c.RepositoryConfigurationDelegate : Multiple Spring Data modules found, entering strict repository configuration mode
2025-06-10T17:00:35.893+09:00  INFO 77781 --- [demo] [           main] .s.d.r.c.RepositoryConfigurationDelegate : Bootstrapping Spring Data Redis repositories in DEFAULT mode.
2025-06-10T17:00:35.909+09:00  INFO 77781 --- [demo] [           main] .RepositoryConfigurationExtensionSupport : Spring Data Redis - Could not safely identify store assignment for repository candidate interface com.example.demo.repository.UserRepository; If you want this repository to be a Redis repository, consider annotating your entities with one of these annotations: org.springframework.data.redis.core.RedisHash (preferred), or consider extending one of the following types with your repository: org.springframework.data.keyvalue.repository.KeyValueRepository
2025-06-10T17:00:35.910+09:00  INFO 77781 --- [demo] [           main] .s.d.r.c.RepositoryConfigurationDelegate : Finished Spring Data repository scanning in 6 ms. Found 0 Redis repository interfaces.
2025-06-10T17:00:36.440+09:00  INFO 77781 --- [demo] [           main] o.s.b.w.embedded.tomcat.TomcatWebServer  : Tomcat initialized with port 8080 (http)
2025-06-10T17:00:36.449+09:00  INFO 77781 --- [demo] [           main] o.apache.catalina.core.StandardService   : Starting service [Tomcat]
2025-06-10T17:00:36.449+09:00  INFO 77781 --- [demo] [           main] o.apache.catalina.core.StandardEngine    : Starting Servlet engine: [Apache Tomcat/10.1.40]
2025-06-10T17:00:36.497+09:00  INFO 77781 --- [demo] [           main] o.a.c.c.C.[Tomcat].[localhost].[/]       : Initializing Spring embedded WebApplicationContext
2025-06-10T17:00:36.498+09:00  INFO 77781 --- [demo] [           main] w.s.c.ServletWebServerApplicationContext : Root WebApplicationContext: initialization completed in 1561 ms
2025-06-10T17:00:36.980+09:00  INFO 77781 --- [demo] [           main] o.hibernate.jpa.internal.util.LogHelper  : HHH000204: Processing PersistenceUnitInfo [name: default]
2025-06-10T17:00:37.009+09:00  INFO 77781 --- [demo] [           main] org.hibernate.Version                    : HHH000412: Hibernate ORM core version 6.6.13.Final
2025-06-10T17:00:37.030+09:00  INFO 77781 --- [demo] [           main] o.h.c.internal.RegionFactoryInitiator    : HHH000026: Second-level cache disabled
2025-06-10T17:00:37.201+09:00  INFO 77781 --- [demo] [           main] o.s.o.j.p.SpringPersistenceUnitInfo      : No LoadTimeWeaver setup: ignoring JPA class transformer
2025-06-10T17:00:37.219+09:00  INFO 77781 --- [demo] [           main] com.zaxxer.hikari.HikariDataSource       : HikariPool-1 - Starting...
2025-06-10T17:00:37.334+09:00  INFO 77781 --- [demo] [           main] com.zaxxer.hikari.pool.HikariPool        : HikariPool-1 - Added connection org.postgresql.jdbc.PgConnection@265c0752
2025-06-10T17:00:37.335+09:00  INFO 77781 --- [demo] [           main] com.zaxxer.hikari.HikariDataSource       : HikariPool-1 - Start completed.
2025-06-10T17:00:37.357+09:00  WARN 77781 --- [demo] [           main] org.hibernate.orm.deprecation            : HHH90000025: PostgreSQLDialect does not need to be specified explicitly using 'hibernate.dialect' (remove the property setting and it will be selected by default)
2025-06-10T17:00:37.371+09:00  INFO 77781 --- [demo] [           main] org.hibernate.orm.connections.pooling    : HHH10001005: Database info:
	Database JDBC URL [Connecting through datasource 'HikariDataSource (HikariPool-1)']
	Database driver: undefined/unknown
	Database version: 17.5
	Autocommit mode: undefined/unknown
	Isolation level: undefined/unknown
	Minimum pool size: undefined/unknown
	Maximum pool size: undefined/unknown
2025-06-10T17:00:37.945+09:00  INFO 77781 --- [demo] [           main] o.h.e.t.j.p.i.JtaPlatformInitiator       : HHH000489: No JTA platform available (set 'hibernate.transaction.jta.platform' to enable JTA platform integration)
2025-06-10T17:00:37.980+09:00  INFO 77781 --- [demo] [           main] j.LocalContainerEntityManagerFactoryBean : Initialized JPA EntityManagerFactory for persistence unit 'default'
2025-06-10T17:00:38.319+09:00  WARN 77781 --- [demo] [           main] JpaBaseConfiguration$JpaWebConfiguration : spring.jpa.open-in-view is enabled by default. Therefore, database queries may be performed during view rendering. Explicitly configure spring.jpa.open-in-view to disable this warning
2025-06-10T17:00:38.339+09:00 DEBUG 77781 --- [demo] [           main] swordEncoderAuthenticationManagerBuilder : No authenticationProviders and no parentAuthenticationManager defined. Returning null.
2025-06-10T17:00:38.620+09:00  INFO 77781 --- [demo] [           main] o.s.b.a.e.web.EndpointLinksResolver      : Exposing 1 endpoint beneath base path '/actuator'
2025-06-10T17:00:38.699+09:00 DEBUG 77781 --- [demo] [           main] o.s.s.web.DefaultSecurityFilterChain     : Will secure any request with filters: DisableEncodeUrlFilter, WebAsyncManagerIntegrationFilter, SecurityContextHolderFilter, HeaderWriterFilter, CorsFilter, LogoutFilter, JwtAuthenticationFilter, RequestCacheAwareFilter, SecurityContextHolderAwareRequestFilter, AnonymousAuthenticationFilter, SessionManagementFilter, ExceptionTranslationFilter, AuthorizationFilter
2025-06-10T17:00:38.717+09:00 DEBUG 77781 --- [demo] [           main] swordEncoderAuthenticationManagerBuilder : No authenticationProviders and no parentAuthenticationManager defined. Returning null.
2025-06-10T17:00:39.190+09:00  INFO 77781 --- [demo] [           main] o.s.b.w.embedded.tomcat.TomcatWebServer  : Tomcat started on port 8080 (http) with context path '/'
2025-06-10T17:00:39.206+09:00  INFO 77781 --- [demo] [           main] com.example.demo.DemoApplication         : Started DemoApplication in 4.641 seconds (process running for 4.93)
2025-06-10T17:17:37.969+09:00  WARN 77781 --- [demo] [l-1 housekeeper] com.zaxxer.hikari.pool.HikariPool        : HikariPool-1 - Thread starvation or clock leap detected (housekeeper delta=6m42s793ms671µs787ns).
2025-06-10T17:17:56.187+09:00  INFO 77781 --- [demo] [nio-8080-exec-1] o.a.c.c.C.[Tomcat].[localhost].[/]       : Initializing Spring DispatcherServlet 'dispatcherServlet'
2025-06-10T17:17:56.187+09:00  INFO 77781 --- [demo] [nio-8080-exec-1] o.s.web.servlet.DispatcherServlet        : Initializing Servlet 'dispatcherServlet'
2025-06-10T17:17:56.189+09:00  INFO 77781 --- [demo] [nio-8080-exec-1] o.s.web.servlet.DispatcherServlet        : Completed initialization in 2 ms
2025-06-10T17:17:56.211+09:00 DEBUG 77781 --- [demo] [nio-8080-exec-1] o.s.security.web.FilterChainProxy        : Securing GET /api/health
REQUEST URL CHECK 1 : /api/health
2025-06-10T17:17:56.221+09:00 DEBUG 77781 --- [demo] [nio-8080-exec-1] o.s.s.w.a.AnonymousAuthenticationFilter  : Set SecurityContextHolder to anonymous SecurityContext
2025-06-10T17:17:56.226+09:00 DEBUG 77781 --- [demo] [nio-8080-exec-1] o.s.security.web.FilterChainProxy        : Secured GET /api/health
2025-06-10T17:17:56.237+09:00  INFO 77781 --- [demo] [nio-8080-exec-1] c.e.demo.controller.HealthController     : 헬스 체크 요청 받음
2025-06-10T17:19:29.523+09:00 DEBUG 77781 --- [demo] [nio-8080-exec-2] o.s.security.web.FilterChainProxy        : Securing GET /api/matchings/status
REQUEST URL CHECK 1 : /api/matchings/status
REQUEST URL CHECK 2 : /api/matchings/status
2025-06-10T17:19:29.524+09:00 DEBUG 77781 --- [demo] [nio-8080-exec-2] o.s.s.w.a.AnonymousAuthenticationFilter  : Set SecurityContextHolder to anonymous SecurityContext
2025-06-10T17:19:49.471+09:00 DEBUG 77781 --- [demo] [nio-8080-exec-4] o.s.security.web.FilterChainProxy        : Securing GET /api/auth/test
REQUEST URL CHECK 1 : /api/auth/test
2025-06-10T17:19:49.472+09:00 DEBUG 77781 --- [demo] [nio-8080-exec-4] o.s.s.w.a.AnonymousAuthenticationFilter  : Set SecurityContextHolder to anonymous SecurityContext
2025-06-10T17:19:49.473+09:00 DEBUG 77781 --- [demo] [nio-8080-exec-4] o.s.security.web.FilterChainProxy        : Secured GET /api/auth/test
2025-06-10T17:19:49.475+09:00  INFO 77781 --- [demo] [nio-8080-exec-4] c.e.demo.controller.AuthController       : 백엔드 연결 테스트 요청 받음
2025-06-10T17:23:32.627+09:00 DEBUG 77781 --- [demo] [nio-8080-exec-5] o.s.security.web.FilterChainProxy        : Securing GET /api/health
REQUEST URL CHECK 1 : /api/health
2025-06-10T17:23:32.629+09:00 DEBUG 77781 --- [demo] [nio-8080-exec-5] o.s.s.w.a.AnonymousAuthenticationFilter  : Set SecurityContextHolder to anonymous SecurityContext
2025-06-10T17:23:32.630+09:00 DEBUG 77781 --- [demo] [nio-8080-exec-5] o.s.security.web.FilterChainProxy        : Secured GET /api/health
2025-06-10T17:23:32.631+09:00  INFO 77781 --- [demo] [nio-8080-exec-5] c.e.demo.controller.HealthController     : 헬스 체크 요청 받음
2025-06-10T17:24:29.966+09:00 DEBUG 77781 --- [demo] [nio-8080-exec-6] o.s.security.web.FilterChainProxy        : Securing GET /api/auth/test
REQUEST URL CHECK 1 : /api/auth/test
2025-06-10T17:24:29.975+09:00 DEBUG 77781 --- [demo] [nio-8080-exec-6] o.s.s.w.a.AnonymousAuthenticationFilter  : Set SecurityContextHolder to anonymous SecurityContext
2025-06-10T17:24:29.976+09:00 DEBUG 77781 --- [demo] [nio-8080-exec-6] o.s.security.web.FilterChainProxy        : Secured GET /api/auth/test
2025-06-10T17:24:29.977+09:00  INFO 77781 --- [demo] [nio-8080-exec-6] c.e.demo.controller.AuthController       : 백엔드 연결 테스트 요청 받음
2025-06-10T17:24:31.087+09:00 DEBUG 77781 --- [demo] [nio-8080-exec-7] o.s.security.web.FilterChainProxy        : Securing OPTIONS /api/auth/register
2025-06-10T17:24:31.091+09:00 DEBUG 77781 --- [demo] [nio-8080-exec-8] o.s.security.web.FilterChainProxy        : Securing POST /api/auth/register
REQUEST URL CHECK 1 : /api/auth/register
2025-06-10T17:24:31.092+09:00 DEBUG 77781 --- [demo] [nio-8080-exec-8] o.s.s.w.a.AnonymousAuthenticationFilter  : Set SecurityContextHolder to anonymous SecurityContext
2025-06-10T17:24:31.092+09:00 DEBUG 77781 --- [demo] [nio-8080-exec-8] o.s.security.web.FilterChainProxy        : Secured POST /api/auth/register
2025-06-10T17:24:31.142+09:00  INFO 77781 --- [demo] [nio-8080-exec-8] c.e.demo.controller.AuthController       : 회원가입 요청: 이메일 = test@example.com
2025-06-10T17:24:31.146+09:00  INFO 77781 --- [demo] [nio-8080-exec-8] c.e.demo.service.impl.AuthServiceImpl    : 회원가입 처리 시작: 이메일 = test@example.com
2025-06-10T17:24:31.209+09:00 DEBUG 77781 --- [demo] [nio-8080-exec-8] org.hibernate.SQL                        : select u1_0.id,u1_0.age,u1_0.email,u1_0.gender,u1_0.nickname,u1_0.password,u1_0.phone_number,u1_0.profile_image_url,u1_0.role from users u1_0 where u1_0.email=?
2025-06-10T17:24:31.230+09:00  WARN 77781 --- [demo] [nio-8080-exec-8] c.e.demo.service.impl.AuthServiceImpl    : 이메일 중복: test@example.com
2025-06-10T17:24:32.487+09:00 DEBUG 77781 --- [demo] [nio-8080-exec-9] o.s.security.web.FilterChainProxy        : Securing OPTIONS /api/auth/login
2025-06-10T17:24:32.491+09:00 DEBUG 77781 --- [demo] [io-8080-exec-10] o.s.security.web.FilterChainProxy        : Securing POST /api/auth/login
REQUEST URL CHECK 1 : /api/auth/login
2025-06-10T17:24:32.492+09:00 DEBUG 77781 --- [demo] [io-8080-exec-10] o.s.s.w.a.AnonymousAuthenticationFilter  : Set SecurityContextHolder to anonymous SecurityContext
2025-06-10T17:24:32.493+09:00 DEBUG 77781 --- [demo] [io-8080-exec-10] o.s.security.web.FilterChainProxy        : Secured POST /api/auth/login
2025-06-10T17:24:32.495+09:00  INFO 77781 --- [demo] [io-8080-exec-10] c.e.demo.controller.AuthController       : 로그인 요청: 이메일 = test@example.com
2025-06-10T17:24:32.495+09:00  INFO 77781 --- [demo] [io-8080-exec-10] c.e.demo.service.impl.AuthServiceImpl    : 로그인 처리 시작: 이메일 = test@example.com
2025-06-10T17:24:32.496+09:00 DEBUG 77781 --- [demo] [io-8080-exec-10] org.hibernate.SQL                        : select u1_0.id,u1_0.age,u1_0.email,u1_0.gender,u1_0.nickname,u1_0.password,u1_0.phone_number,u1_0.profile_image_url,u1_0.role from users u1_0 where u1_0.email=?
2025-06-10T17:24:32.498+09:00  INFO 77781 --- [demo] [io-8080-exec-10] c.e.demo.service.impl.AuthServiceImpl    : 사용자 조회 성공: ID = 2, 닉네임 = 테스트유저
2025-06-10T17:24:32.566+09:00  INFO 77781 --- [demo] [io-8080-exec-10] c.e.demo.service.impl.AuthServiceImpl    : 비밀번호 검증 성공: 이메일 = test@example.com
2025-06-10T17:24:32.583+09:00  INFO 77781 --- [demo] [io-8080-exec-10] c.e.demo.service.impl.AuthServiceImpl    : AccessToken 생성 완료: 사용자 ID = 2
2025-06-10T17:24:32.877+09:00  INFO 77781 --- [demo] [io-8080-exec-10] c.e.demo.service.impl.AuthServiceImpl    : RefreshToken 생성 및 Redis 저장 완료: 사용자 ID = 2
2025-06-10T17:24:32.877+09:00  INFO 77781 --- [demo] [io-8080-exec-10] c.e.demo.service.impl.AuthServiceImpl    : UserResponseDto 생성 완료: UserResponseDto(id=2, email=test@example.com, nickname=테스트유저, gender=MALE, age=25, phoneNumber=010-1234-5678, profileImageUrl=null, role=ROLE_USER)
2025-06-10T17:24:32.881+09:00  INFO 77781 --- [demo] [io-8080-exec-10] c.e.demo.service.impl.AuthServiceImpl    : AuthResponseDto 생성 완료 - 토큰 길이: access=191, refresh=191
2025-06-10T17:24:32.881+09:00  INFO 77781 --- [demo] [io-8080-exec-10] c.e.demo.controller.AuthController       : 로그인 성공: 사용자 ID = 2
2025-06-10T17:24:38.912+09:00 DEBUG 77781 --- [demo] [nio-8080-exec-1] o.s.security.web.FilterChainProxy        : Securing GET /api/health
REQUEST URL CHECK 1 : /api/health
2025-06-10T17:24:38.913+09:00 DEBUG 77781 --- [demo] [nio-8080-exec-1] o.s.s.w.a.AnonymousAuthenticationFilter  : Set SecurityContextHolder to anonymous SecurityContext
2025-06-10T17:24:38.914+09:00 DEBUG 77781 --- [demo] [nio-8080-exec-1] o.s.security.web.FilterChainProxy        : Secured GET /api/health
2025-06-10T17:24:38.915+09:00  INFO 77781 --- [demo] [nio-8080-exec-1] c.e.demo.controller.HealthController     : 헬스 체크 요청 받음
2025-06-10T17:25:12.008+09:00 DEBUG 77781 --- [demo] [nio-8080-exec-2] o.s.security.web.FilterChainProxy        : Securing OPTIONS /api/user/signup
2025-06-10T17:25:12.012+09:00 DEBUG 77781 --- [demo] [nio-8080-exec-3] o.s.security.web.FilterChainProxy        : Securing POST /api/user/signup
REQUEST URL CHECK 1 : /api/user/signup
2025-06-10T17:25:12.013+09:00 DEBUG 77781 --- [demo] [nio-8080-exec-3] o.s.s.w.a.AnonymousAuthenticationFilter  : Set SecurityContextHolder to anonymous SecurityContext
2025-06-10T17:25:12.014+09:00 DEBUG 77781 --- [demo] [nio-8080-exec-3] o.s.security.web.FilterChainProxy        : Secured POST /api/user/signup
2025-06-10T17:25:12.019+09:00 DEBUG 77781 --- [demo] [nio-8080-exec-3] org.hibernate.SQL                        : select u1_0.id,u1_0.age,u1_0.email,u1_0.gender,u1_0.nickname,u1_0.password,u1_0.phone_number,u1_0.profile_image_url,u1_0.role from users u1_0 where u1_0.email=?
2025-06-10T17:25:12.099+09:00 DEBUG 77781 --- [demo] [nio-8080-exec-3] org.hibernate.SQL                        : insert into users (age,email,gender,nickname,password,phone_number,profile_image_url,role) values (?,?,?,?,?,?,?,?)
2025-06-10T17:25:21.704+09:00 DEBUG 77781 --- [demo] [nio-8080-exec-4] o.s.security.web.FilterChainProxy        : Securing POST /api/auth/login
REQUEST URL CHECK 1 : /api/auth/login
2025-06-10T17:25:21.705+09:00 DEBUG 77781 --- [demo] [nio-8080-exec-4] o.s.s.w.a.AnonymousAuthenticationFilter  : Set SecurityContextHolder to anonymous SecurityContext
2025-06-10T17:25:21.705+09:00 DEBUG 77781 --- [demo] [nio-8080-exec-4] o.s.security.web.FilterChainProxy        : Secured POST /api/auth/login
2025-06-10T17:25:21.706+09:00  INFO 77781 --- [demo] [nio-8080-exec-4] c.e.demo.controller.AuthController       : 로그인 요청: 이메일 = test2@example.com
2025-06-10T17:25:21.707+09:00  INFO 77781 --- [demo] [nio-8080-exec-4] c.e.demo.service.impl.AuthServiceImpl    : 로그인 처리 시작: 이메일 = test2@example.com
2025-06-10T17:25:21.708+09:00 DEBUG 77781 --- [demo] [nio-8080-exec-4] org.hibernate.SQL                        : select u1_0.id,u1_0.age,u1_0.email,u1_0.gender,u1_0.nickname,u1_0.password,u1_0.phone_number,u1_0.profile_image_url,u1_0.role from users u1_0 where u1_0.email=?
2025-06-10T17:25:21.710+09:00  INFO 77781 --- [demo] [nio-8080-exec-4] c.e.demo.service.impl.AuthServiceImpl    : 사용자 조회 성공: ID = 3, 닉네임 = haha
2025-06-10T17:25:21.779+09:00  INFO 77781 --- [demo] [nio-8080-exec-4] c.e.demo.service.impl.AuthServiceImpl    : 비밀번호 검증 성공: 이메일 = test2@example.com
2025-06-10T17:25:21.780+09:00  INFO 77781 --- [demo] [nio-8080-exec-4] c.e.demo.service.impl.AuthServiceImpl    : AccessToken 생성 완료: 사용자 ID = 3
2025-06-10T17:25:21.782+09:00  INFO 77781 --- [demo] [nio-8080-exec-4] c.e.demo.service.impl.AuthServiceImpl    : RefreshToken 생성 및 Redis 저장 완료: 사용자 ID = 3
2025-06-10T17:25:21.782+09:00  INFO 77781 --- [demo] [nio-8080-exec-4] c.e.demo.service.impl.AuthServiceImpl    : UserResponseDto 생성 완료: UserResponseDto(id=3, email=test2@example.com, nickname=haha, gender=MALE, age=20, phoneNumber=01012345343, profileImageUrl=null, role=ROLE_USER)
2025-06-10T17:25:21.782+09:00  INFO 77781 --- [demo] [nio-8080-exec-4] c.e.demo.service.impl.AuthServiceImpl    : AuthResponseDto 생성 완료 - 토큰 길이: access=192, refresh=192
2025-06-10T17:25:21.782+09:00  INFO 77781 --- [demo] [nio-8080-exec-4] c.e.demo.controller.AuthController       : 로그인 성공: 사용자 ID = 3
2025-06-10T18:00:22.861+09:00  WARN 77781 --- [demo] [l-1 housekeeper] com.zaxxer.hikari.pool.HikariPool        : HikariPool-1 - Thread starvation or clock leap detected (housekeeper delta=1m11s465ms810µs890ns).
2025-06-10T18:01:02.802+09:00 DEBUG 77781 --- [demo] [nio-8080-exec-6] o.s.security.web.FilterChainProxy        : Securing OPTIONS /api/auth/test
2025-06-10T18:01:02.812+09:00 DEBUG 77781 --- [demo] [nio-8080-exec-7] o.s.security.web.FilterChainProxy        : Securing GET /api/auth/test
REQUEST URL CHECK 1 : /api/auth/test
2025-06-10T18:01:02.814+09:00 DEBUG 77781 --- [demo] [nio-8080-exec-7] o.s.s.w.a.AnonymousAuthenticationFilter  : Set SecurityContextHolder to anonymous SecurityContext
2025-06-10T18:01:02.815+09:00 DEBUG 77781 --- [demo] [nio-8080-exec-7] o.s.security.web.FilterChainProxy        : Secured GET /api/auth/test
2025-06-10T18:01:02.821+09:00  INFO 77781 --- [demo] [nio-8080-exec-7] c.e.demo.controller.AuthController       : 백엔드 연결 테스트 요청 받음
2025-06-10T18:01:03.894+09:00 DEBUG 77781 --- [demo] [nio-8080-exec-8] o.s.security.web.FilterChainProxy        : Securing OPTIONS /api/auth/register
2025-06-10T18:01:03.899+09:00 DEBUG 77781 --- [demo] [nio-8080-exec-9] o.s.security.web.FilterChainProxy        : Securing POST /api/auth/register
REQUEST URL CHECK 1 : /api/auth/register
2025-06-10T18:01:03.901+09:00 DEBUG 77781 --- [demo] [nio-8080-exec-9] o.s.s.w.a.AnonymousAuthenticationFilter  : Set SecurityContextHolder to anonymous SecurityContext
2025-06-10T18:01:03.902+09:00 DEBUG 77781 --- [demo] [nio-8080-exec-9] o.s.security.web.FilterChainProxy        : Secured POST /api/auth/register
2025-06-10T18:01:03.907+09:00  INFO 77781 --- [demo] [nio-8080-exec-9] c.e.demo.controller.AuthController       : 회원가입 요청: 이메일 = test@example.com
2025-06-10T18:01:03.911+09:00  INFO 77781 --- [demo] [nio-8080-exec-9] c.e.demo.service.impl.AuthServiceImpl    : 회원가입 처리 시작: 이메일 = test@example.com
2025-06-10T18:01:03.924+09:00 DEBUG 77781 --- [demo] [nio-8080-exec-9] org.hibernate.SQL                        : select u1_0.id,u1_0.age,u1_0.email,u1_0.gender,u1_0.nickname,u1_0.password,u1_0.phone_number,u1_0.profile_image_url,u1_0.role from users u1_0 where u1_0.email=?
2025-06-10T18:01:03.937+09:00  WARN 77781 --- [demo] [nio-8080-exec-9] c.e.demo.service.impl.AuthServiceImpl    : 이메일 중복: test@example.com
2025-06-10T18:01:05.506+09:00 DEBUG 77781 --- [demo] [io-8080-exec-10] o.s.security.web.FilterChainProxy        : Securing OPTIONS /api/auth/login
2025-06-10T18:01:05.512+09:00 DEBUG 77781 --- [demo] [nio-8080-exec-1] o.s.security.web.FilterChainProxy        : Securing POST /api/auth/login
REQUEST URL CHECK 1 : /api/auth/login
2025-06-10T18:01:05.513+09:00 DEBUG 77781 --- [demo] [nio-8080-exec-1] o.s.s.w.a.AnonymousAuthenticationFilter  : Set SecurityContextHolder to anonymous SecurityContext
2025-06-10T18:01:05.514+09:00 DEBUG 77781 --- [demo] [nio-8080-exec-1] o.s.security.web.FilterChainProxy        : Secured POST /api/auth/login
2025-06-10T18:01:05.517+09:00  INFO 77781 --- [demo] [nio-8080-exec-1] c.e.demo.controller.AuthController       : 로그인 요청: 이메일 = test@example.com
2025-06-10T18:01:05.517+09:00  INFO 77781 --- [demo] [nio-8080-exec-1] c.e.demo.service.impl.AuthServiceImpl    : 로그인 처리 시작: 이메일 = test@example.com
2025-06-10T18:01:05.519+09:00 DEBUG 77781 --- [demo] [nio-8080-exec-1] org.hibernate.SQL                        : select u1_0.id,u1_0.age,u1_0.email,u1_0.gender,u1_0.nickname,u1_0.password,u1_0.phone_number,u1_0.profile_image_url,u1_0.role from users u1_0 where u1_0.email=?
2025-06-10T18:01:05.521+09:00  INFO 77781 --- [demo] [nio-8080-exec-1] c.e.demo.service.impl.AuthServiceImpl    : 사용자 조회 성공: ID = 2, 닉네임 = 테스트유저
2025-06-10T18:01:05.597+09:00  INFO 77781 --- [demo] [nio-8080-exec-1] c.e.demo.service.impl.AuthServiceImpl    : 비밀번호 검증 성공: 이메일 = test@example.com
2025-06-10T18:01:05.603+09:00  INFO 77781 --- [demo] [nio-8080-exec-1] c.e.demo.service.impl.AuthServiceImpl    : AccessToken 생성 완료: 사용자 ID = 2
2025-06-10T18:01:05.612+09:00  INFO 77781 --- [demo] [nio-8080-exec-1] c.e.demo.service.impl.AuthServiceImpl    : RefreshToken 생성 및 Redis 저장 완료: 사용자 ID = 2
2025-06-10T18:01:05.612+09:00  INFO 77781 --- [demo] [nio-8080-exec-1] c.e.demo.service.impl.AuthServiceImpl    : UserResponseDto 생성 완료: UserResponseDto(id=2, email=test@example.com, nickname=테스트유저, gender=MALE, age=25, phoneNumber=010-1234-5678, profileImageUrl=null, role=ROLE_USER)
2025-06-10T18:01:05.613+09:00  INFO 77781 --- [demo] [nio-8080-exec-1] c.e.demo.service.impl.AuthServiceImpl    : AuthResponseDto 생성 완료 - 토큰 길이: access=191, refresh=191
2025-06-10T18:01:05.613+09:00  INFO 77781 --- [demo] [nio-8080-exec-1] c.e.demo.controller.AuthController       : 로그인 성공: 사용자 ID = 2
2025-06-10T18:52:11.285+09:00  INFO 77781 --- [demo] [ionShutdownHook] o.s.b.w.e.tomcat.GracefulShutdown        : Commencing graceful shutdown. Waiting for active requests to complete
2025-06-10T18:52:11.324+09:00  INFO 77781 --- [demo] [tomcat-shutdown] o.s.b.w.e.tomcat.GracefulShutdown        : Graceful shutdown complete
2025-06-10T18:52:11.489+09:00  INFO 77781 --- [demo] [ionShutdownHook] j.LocalContainerEntityManagerFactoryBean : Closing JPA EntityManagerFactory for persistence unit 'default'
2025-06-10T18:52:11.516+09:00  INFO 77781 --- [demo] [ionShutdownHook] com.zaxxer.hikari.HikariDataSource       : HikariPool-1 - Shutdown initiated...
2025-06-10T18:52:11.525+09:00  INFO 77781 --- [demo] [ionShutdownHook] com.zaxxer.hikari.HikariDataSource       : HikariPool-1 - Shutdown completed.
